[debug] [2021-05-28T17:57:20.059Z] ----------------------------------------------------------------------
[debug] [2021-05-28T17:57:20.061Z] Command:       C:\Program Files\nodejs\node.exe C:\Users\andyk\AppData\Roaming\npm\node_modules\firebase-tools\lib\bin\firebase.js init
[debug] [2021-05-28T17:57:20.062Z] CLI Version:   9.10.0
[debug] [2021-05-28T17:57:20.062Z] Platform:      win32
[debug] [2021-05-28T17:57:20.062Z] Node Version:  v15.6.0
[debug] [2021-05-28T17:57:20.063Z] Time:          Fri May 28 2021 12:57:20 GMT-0500 (GMT-05:00)
[debug] [2021-05-28T17:57:20.063Z] ----------------------------------------------------------------------
[debug] 
[debug] [2021-05-28T17:57:20.065Z] >>> [apiv2][query] GET https://firebase-public.firebaseio.com/cli.json [none]
[debug] [2021-05-28T17:57:20.087Z] > command requires scopes: ["email","openid","https://www.googleapis.com/auth/cloudplatformprojects.readonly","https://www.googleapis.com/auth/firebase","https://www.googleapis.com/auth/cloud-platform"]
[debug] [2021-05-28T17:57:20.087Z] > authorizing via signed-in user (andyke00@gmail.com)
[info] 
     ######## #### ########  ######## ########     ###     ######  ########
     ##        ##  ##     ## ##       ##     ##  ##   ##  ##       ##
     ######    ##  ########  ######   ########  #########  ######  ######
     ##        ##  ##    ##  ##       ##     ## ##     ##       ## ##
     ##       #### ##     ## ######## ########  ##     ##  ######  ########

You're about to initialize a Firebase project in this directory:

  C:\Users\andyk\Desktop\Hiver2021\WebJS\evaluations\Tp\iwra-ex4-memo-solution

[debug] [2021-05-28T17:57:20.258Z] <<< [apiv2][status] GET https://firebase-public.firebaseio.com/cli.json 200
[debug] [2021-05-28T17:57:20.259Z] <<< [apiv2][body] GET https://firebase-public.firebaseio.com/cli.json {"cloudBuildErrorAfter":1594252800000,"cloudBuildWarnAfter":1590019200000,"defaultNode10After":1594252800000,"minVersion":"3.0.5","node8DeploysDisabledAfter":1613390400000,"node8RuntimeDisabledAfter":1615809600000,"node8WarnAfter":1600128000000}
